<Set name="port"><SystemProperty name="jetty.port" default="8889"/></Set>
